Build started 12/04/2012 08:02:23 p.m..
     1>Project "D:\fac\proygrado\of_preRelease_v007_vs2010\libs\openFrameworksCompiled\project\vs2010\openframeworksLib.vcxproj" on node 2 (build target(s)).
     1>InitializeBuildStatus:
         Creating "obj\Debug\openframeworksLib.unsuccessfulbuild" because "AlwaysCreate" was specified.
       ClCompile:
         c:\Program Files (x86)\Microsoft Visual Studio 10.0\VC\bin\CL.exe /c /I..\..\..\..\libs\openFrameworks /I..\..\..\..\libs\openFrameworks\graphics /I..\..\..\..\libs\openFrameworks\app /I..\..\..\..\libs\openFrameworks\sound /I..\..\..\..\libs\openFrameworks\utils /I..\..\..\..\libs\openFrameworks\communication /I..\..\..\..\libs\openFrameworks\video /I..\..\..\..\libs\openFrameworks\types /I..\..\..\..\libs\openFrameworks\math /I..\..\..\..\libs\openFrameworks\3d /I..\..\..\..\libs\openFrameworks\gl /I..\..\..\..\libs\openFrameworks\events /I..\..\..\..\libs\glut\include /I..\..\..\..\libs\rtAudio\include /I..\..\..\..\libs\quicktime\include /I..\..\..\..\libs\freetype\include /I..\..\..\..\libs\freetype\include\freetype2 /I..\..\..\..\libs\freeImage\include /I..\..\..\..\libs\fmodex\include /I..\..\..\..\libs\videoInput\include /I..\..\..\..\libs\glew\include\ /I..\..\..\..\libs\glu\include /I..\..\..\..\libs\tess2\include /I..\..\..\..\libs\cairo\include\cairo /I..\..\..\..\libs\poco\include /I..\..\..\addons /ZI /nologo /W1 /WX- /Od /Oy- /D WIN32 /D _DEBUG /D _CONSOLE /D POCO_STATIC /D CAIRO_WIN32_STATIC_BUILD /D DISABLE_SOME_FLOATING_POINT /D _UNICODE /D UNICODE /Gm /EHsc /RTC1 /MDd /GS /fp:precise /Zc:wchar_t /Zc:forScope /Fo"obj\Debug\\" /Fd"obj\Debug\vc100.pdb" /Gd /TP /analyze- /errorReport:prompt ..\..\..\openFrameworks\gl\ofFbo.cpp
         ofFbo.cpp
     1>d:\fac\proygrado\of_prerelease_v007_vs2010\libs\openframeworks\gl\offbo.cpp(28): warning C4005: 'glGenFramebuffers' : macro redefinition
                 d:\fac\proygrado\of_prerelease_v007_vs2010\libs\glew\include\gl\glew.h(3440) : see previous definition of 'glGenFramebuffers'
     1>d:\fac\proygrado\of_prerelease_v007_vs2010\libs\openframeworks\gl\offbo.cpp(29): warning C4005: 'glGenRenderbuffers' : macro redefinition
                 d:\fac\proygrado\of_prerelease_v007_vs2010\libs\glew\include\gl\glew.h(3441) : see previous definition of 'glGenRenderbuffers'
     1>d:\fac\proygrado\of_prerelease_v007_vs2010\libs\openframeworks\gl\offbo.cpp(30): warning C4005: 'glDeleteFramebuffers' : macro redefinition
                 d:\fac\proygrado\of_prerelease_v007_vs2010\libs\glew\include\gl\glew.h(3433) : see previous definition of 'glDeleteFramebuffers'
     1>d:\fac\proygrado\of_prerelease_v007_vs2010\libs\openframeworks\gl\offbo.cpp(31): warning C4005: 'glDeleteRenderbuffers' : macro redefinition
                 d:\fac\proygrado\of_prerelease_v007_vs2010\libs\glew\include\gl\glew.h(3434) : see previous definition of 'glDeleteRenderbuffers'
     1>d:\fac\proygrado\of_prerelease_v007_vs2010\libs\openframeworks\gl\offbo.cpp(32): warning C4005: 'glBindFramebuffer' : macro redefinition
                 d:\fac\proygrado\of_prerelease_v007_vs2010\libs\glew\include\gl\glew.h(3429) : see previous definition of 'glBindFramebuffer'
     1>d:\fac\proygrado\of_prerelease_v007_vs2010\libs\openframeworks\gl\offbo.cpp(33): warning C4005: 'glBindRenderbuffer' : macro redefinition
                 d:\fac\proygrado\of_prerelease_v007_vs2010\libs\glew\include\gl\glew.h(3430) : see previous definition of 'glBindRenderbuffer'
     1>d:\fac\proygrado\of_prerelease_v007_vs2010\libs\openframeworks\gl\offbo.cpp(34): warning C4005: 'glRenderbufferStorage' : macro redefinition
                 d:\fac\proygrado\of_prerelease_v007_vs2010\libs\glew\include\gl\glew.h(3447) : see previous definition of 'glRenderbufferStorage'
     1>d:\fac\proygrado\of_prerelease_v007_vs2010\libs\openframeworks\gl\offbo.cpp(35): warning C4005: 'glFramebufferRenderbuffer' : macro redefinition
                 d:\fac\proygrado\of_prerelease_v007_vs2010\libs\glew\include\gl\glew.h(3435) : see previous definition of 'glFramebufferRenderbuffer'
     1>d:\fac\proygrado\of_prerelease_v007_vs2010\libs\openframeworks\gl\offbo.cpp(36): warning C4005: 'glRenderbufferStorageMultisample' : macro redefinition
                 d:\fac\proygrado\of_prerelease_v007_vs2010\libs\glew\include\gl\glew.h(3448) : see previous definition of 'glRenderbufferStorageMultisample'
     1>d:\fac\proygrado\of_prerelease_v007_vs2010\libs\openframeworks\gl\offbo.cpp(37): warning C4005: 'glFramebufferTexture2D' : macro redefinition
                 d:\fac\proygrado\of_prerelease_v007_vs2010\libs\glew\include\gl\glew.h(3437) : see previous definition of 'glFramebufferTexture2D'
     1>d:\fac\proygrado\of_prerelease_v007_vs2010\libs\openframeworks\gl\offbo.cpp(38): warning C4005: 'glCheckFramebufferStatus' : macro redefinition
                 d:\fac\proygrado\of_prerelease_v007_vs2010\libs\glew\include\gl\glew.h(3432) : see previous definition of 'glCheckFramebufferStatus'
     1>d:\fac\proygrado\of_prerelease_v007_vs2010\libs\openframeworks\gl\offbo.cpp(44): warning C4005: 'glBlitFramebuffer' : macro redefinition
                 d:\fac\proygrado\of_prerelease_v007_vs2010\libs\glew\include\gl\glew.h(3431) : see previous definition of 'glBlitFramebuffer'
     1>d:\fac\proygrado\of_prerelease_v007_vs2010\libs\openframeworks\gl\offbo.cpp(45): warning C4005: 'GL_COLOR_ATTACHMENT0' : macro redefinition
                 d:\fac\proygrado\of_prerelease_v007_vs2010\libs\glew\include\gl\glew.h(3372) : see previous definition of 'GL_COLOR_ATTACHMENT0'
     1>d:\fac\proygrado\of_prerelease_v007_vs2010\libs\openframeworks\gl\offbo.cpp(46): warning C4005: 'GL_DEPTH_ATTACHMENT' : macro redefinition
                 d:\fac\proygrado\of_prerelease_v007_vs2010\libs\glew\include\gl\glew.h(3388) : see previous definition of 'GL_DEPTH_ATTACHMENT'
     1>d:\fac\proygrado\of_prerelease_v007_vs2010\libs\openframeworks\gl\offbo.cpp(47): warning C4005: 'GL_DRAW_FRAMEBUFFER' : macro redefinition
                 d:\fac\proygrado\of_prerelease_v007_vs2010\libs\glew\include\gl\glew.h(3357) : see previous definition of 'GL_DRAW_FRAMEBUFFER'
     1>d:\fac\proygrado\of_prerelease_v007_vs2010\libs\openframeworks\gl\offbo.cpp(48): warning C4005: 'GL_FRAMEBUFFER' : macro redefinition
                 d:\fac\proygrado\of_prerelease_v007_vs2010\libs\glew\include\gl\glew.h(3390) : see previous definition of 'GL_FRAMEBUFFER'
     1>d:\fac\proygrado\of_prerelease_v007_vs2010\libs\openframeworks\gl\offbo.cpp(49): warning C4005: 'GL_FRAMEBUFFER_BINDING' : macro redefinition
                 d:\fac\proygrado\of_prerelease_v007_vs2010\libs\glew\include\gl\glew.h(3354) : see previous definition of 'GL_FRAMEBUFFER_BINDING'
     1>d:\fac\proygrado\of_prerelease_v007_vs2010\libs\openframeworks\gl\offbo.cpp(50): warning C4005: 'GL_FRAMEBUFFER_COMPLETE' : macro redefinition
                 d:\fac\proygrado\of_prerelease_v007_vs2010\libs\glew\include\gl\glew.h(3365) : see previous definition of 'GL_FRAMEBUFFER_COMPLETE'
     1>d:\fac\proygrado\of_prerelease_v007_vs2010\libs\openframeworks\gl\offbo.cpp(51): warning C4005: 'GL_FRAMEBUFFER_INCOMPLETE_ATTACHMENT' : macro redefinition
                 d:\fac\proygrado\of_prerelease_v007_vs2010\libs\glew\include\gl\glew.h(3366) : see previous definition of 'GL_FRAMEBUFFER_INCOMPLETE_ATTACHMENT'
     1>d:\fac\proygrado\of_prerelease_v007_vs2010\libs\openframeworks\gl\offbo.cpp(52): warning C4005: 'GL_FRAMEBUFFER_INCOMPLETE_MISSING_ATTACHMENT' : macro redefinition
                 d:\fac\proygrado\of_prerelease_v007_vs2010\libs\glew\include\gl\glew.h(3367) : see previous definition of 'GL_FRAMEBUFFER_INCOMPLETE_MISSING_ATTACHMENT'
     1>d:\fac\proygrado\of_prerelease_v007_vs2010\libs\openframeworks\gl\offbo.cpp(53): warning C4005: 'GL_FRAMEBUFFER_INCOMPLETE_DRAW_BUFFER' : macro redefinition
                 d:\fac\proygrado\of_prerelease_v007_vs2010\libs\glew\include\gl\glew.h(3368) : see previous definition of 'GL_FRAMEBUFFER_INCOMPLETE_DRAW_BUFFER'
     1>d:\fac\proygrado\of_prerelease_v007_vs2010\libs\openframeworks\gl\offbo.cpp(54): warning C4005: 'GL_FRAMEBUFFER_INCOMPLETE_READ_BUFFER' : macro redefinition
                 d:\fac\proygrado\of_prerelease_v007_vs2010\libs\glew\include\gl\glew.h(3369) : see previous definition of 'GL_FRAMEBUFFER_INCOMPLETE_READ_BUFFER'
     1>d:\fac\proygrado\of_prerelease_v007_vs2010\libs\openframeworks\gl\offbo.cpp(55): warning C4005: 'GL_FRAMEBUFFER_INCOMPLETE_MULTISAMPLE' : macro redefinition
                 d:\fac\proygrado\of_prerelease_v007_vs2010\libs\glew\include\gl\glew.h(3405) : see previous definition of 'GL_FRAMEBUFFER_INCOMPLETE_MULTISAMPLE'
     1>d:\fac\proygrado\of_prerelease_v007_vs2010\libs\openframeworks\gl\offbo.cpp(56): warning C4005: 'GL_FRAMEBUFFER_UNSUPPORTED' : macro redefinition
                 d:\fac\proygrado\of_prerelease_v007_vs2010\libs\glew\include\gl\glew.h(3370) : see previous definition of 'GL_FRAMEBUFFER_UNSUPPORTED'
     1>d:\fac\proygrado\of_prerelease_v007_vs2010\libs\openframeworks\gl\offbo.cpp(57): warning C4005: 'GL_MAX_COLOR_ATTACHMENTS' : macro redefinition
                 d:\fac\proygrado\of_prerelease_v007_vs2010\libs\glew\include\gl\glew.h(3371) : see previous definition of 'GL_MAX_COLOR_ATTACHMENTS'
     1>d:\fac\proygrado\of_prerelease_v007_vs2010\libs\openframeworks\gl\offbo.cpp(58): warning C4005: 'GL_MAX_SAMPLES' : macro redefinition
                 d:\fac\proygrado\of_prerelease_v007_vs2010\libs\glew\include\gl\glew.h(3406) : see previous definition of 'GL_MAX_SAMPLES'
     1>d:\fac\proygrado\of_prerelease_v007_vs2010\libs\openframeworks\gl\offbo.cpp(59): warning C4005: 'GL_STENCIL_ATTACHMENT' : macro redefinition
                 d:\fac\proygrado\of_prerelease_v007_vs2010\libs\glew\include\gl\glew.h(3389) : see previous definition of 'GL_STENCIL_ATTACHMENT'
     1>d:\fac\proygrado\of_prerelease_v007_vs2010\libs\openframeworks\gl\offbo.cpp(60): warning C4005: 'GL_READ_FRAMEBUFFER' : macro redefinition
                 d:\fac\proygrado\of_prerelease_v007_vs2010\libs\glew\include\gl\glew.h(3356) : see previous definition of 'GL_READ_FRAMEBUFFER'
     1>d:\fac\proygrado\of_prerelease_v007_vs2010\libs\openframeworks\gl\offbo.cpp(61): warning C4005: 'GL_RENDERBUFFER' : macro redefinition
                 d:\fac\proygrado\of_prerelease_v007_vs2010\libs\glew\include\gl\glew.h(3391) : see previous definition of 'GL_RENDERBUFFER'
       Lib:
         c:\Program Files (x86)\Microsoft Visual Studio 10.0\VC\bin\Lib.exe /OUT:"..\..\lib\vs2010\openframeworksLibDebug.lib" /NOLOGO obj\Debug\of3dUtils.obj
         obj\Debug\ofCamera.obj
         obj\Debug\ofEasyCam.obj
         obj\Debug\ofMesh.obj
         obj\Debug\ofNode.obj
         obj\Debug\ofAppGlutWindow.obj
         obj\Debug\ofAppRunner.obj
         obj\Debug\ofEvents.obj
         obj\Debug\ofFbo.obj
         obj\Debug\ofGLRenderer.obj
         obj\Debug\ofLight.obj
         obj\Debug\ofMaterial.obj
         obj\Debug\ofShader.obj
         obj\Debug\ofTexture.obj
         obj\Debug\ofVbo.obj
         obj\Debug\ofVboMesh.obj
         obj\Debug\ofBitmapFont.obj
         obj\Debug\ofCairoRenderer.obj
         obj\Debug\ofGraphics.obj
         obj\Debug\ofImage.obj
         obj\Debug\ofPath.obj
         obj\Debug\ofPixels.obj
         obj\Debug\ofPolyline.obj
         obj\Debug\ofTessellator.obj
         obj\Debug\ofTrueTypeFont.obj
         obj\Debug\ofMath.obj
         obj\Debug\ofMatrix3x3.obj
         obj\Debug\ofMatrix4x4.obj
         obj\Debug\ofQuaternion.obj
         obj\Debug\ofVec2f.obj
         obj\Debug\ofVec4f.obj
         obj\Debug\ofBaseSoundPlayer.obj
         obj\Debug\ofBaseSoundStream.obj
         obj\Debug\ofFmodSoundPlayer.obj
         obj\Debug\ofRtAudioSoundStream.obj
         obj\Debug\ofSoundPlayer.obj
         obj\Debug\ofSoundStream.obj
         obj\Debug\ofBaseTypes.obj
         obj\Debug\ofColor.obj
         obj\Debug\ofPoint.obj
         obj\Debug\ofRectangle.obj
         obj\Debug\ofFileUtils.obj
         obj\Debug\ofLog.obj
         obj\Debug\ofSystemUtils.obj
         obj\Debug\ofThread.obj
         obj\Debug\ofURLFileLoader.obj
         obj\Debug\ofUtils.obj
         obj\Debug\ofDirectShowGrabber.obj
         obj\Debug\ofQtUtils.obj
         obj\Debug\ofQuickTimeGrabber.obj
         obj\Debug\ofQuickTimePlayer.obj
         obj\Debug\ofVideoGrabber.obj
         obj\Debug\ofVideoPlayer.obj
         obj\Debug\ofArduino.obj
         obj\Debug\ofSerial.obj
     1>ofPoint.obj : warning LNK4221: This object file does not define any previously undefined public symbols, so it will not be used by any link operation that consumes this library
     1>ofBaseSoundStream.obj : warning LNK4221: This object file does not define any previously undefined public symbols, so it will not be used by any link operation that consumes this library
     1>ofBaseSoundPlayer.obj : warning LNK4221: This object file does not define any previously undefined public symbols, so it will not be used by any link operation that consumes this library
         openframeworksLib.vcxproj -> D:\fac\proygrado\of_preRelease_v007_vs2010\libs\openFrameworksCompiled\project\vs2010\..\..\lib\vs2010\openframeworksLibDebug.lib
       FinalizeBuildStatus:
         Deleting file "obj\Debug\openframeworksLib.unsuccessfulbuild".
         Touching "obj\Debug\openframeworksLib.lastbuildstate".
     1>Done Building Project "D:\fac\proygrado\of_preRelease_v007_vs2010\libs\openFrameworksCompiled\project\vs2010\openframeworksLib.vcxproj" (build target(s)).

Build succeeded.

Time Elapsed 00:00:03.99
